
// ==========================================================================
//  GPPG error listing for yacc source file <..\..\parser.y - 2014-11-30 13:21:46>
// ==========================================================================
//  Version:  1.5.2
//  Machine:  PADZIKM
//  DateTime: 2014-11-30 13:22:02
//  UserName: Michal
// ==========================================================================


%namespace GardensPoint

%YYSTYPE SemanticValue

%token Print Exit Endl Eof Error
%token Ident IntNumber RealNumber Boolean Type
%token Assign And Or Equal Diff Gt Lt Gte Lte Plus Minus Multiplies Divides Negation OpenPar ClosePar

%%

start     : start line { ++lineno; }
          | line { ++lineno; }
          ;

line      : Print { Console.WriteLine("// linia {0,3} :  "+ Compiler.sourceCode[lineno-1],lineno); Compiler.EmitCode("// linia {0,3} :  "+ Compiler.sourceCode[lineno-1],lineno); } exp Endl
            {
				if($3.error == null)
				{
					Compiler.Print($3);
				}
				else
				{
					++Compiler.errors;
					if($3.exit)
					{
						Console.Write($3.error+"\n");
						Console.WriteLine("  Aborting");
						YYABORT;
					}
					else
					{
						Console.Write($3.error+"\n> ");
					}
				}
            }
		  | Type Ident Endl
			{
				try
				{
					Console.WriteLine("// linia {0,3} :  "+ Compiler.sourceCode[lineno-1],lineno);
					Compiler.EmitCode("// linia {0,3} :  "+ Compiler.sourceCode[lineno-1],lineno);
					Compiler.Declare($1.type, $2.val);
				}
				catch(ErrorException e)
				{
					++Compiler.errors;
					Console.Write(e.Message+"\n");
					Console.WriteLine("  Aborting");
					YYABORT;
				}
			}
          | Ident Assign { Console.WriteLine("// linia {0,3} :  "+ Compiler.sourceCode[lineno-1],lineno); Compiler.EmitCode("// linia {0,3} :  "+ Compiler.sourceCode[lineno-1],lineno); } exp Endl
            {
               try
               {
					if($4.error == null)
					{
						Compiler.Mem($1.val, $4);
					}
					else
					{
						++Compiler.errors;
						if($4.exit)
						{
							Console.Write($4.error+"\n");
							Console.WriteLine("  Aborting");
							YYABORT;
						}
						else
						{
							Console.Write($4.error+"\n> ");
						}
					}
               }
               catch ( ErrorException e)
               {
					++Compiler.errors;
                   Console.Write(e.Message+"\n");
				   Console.WriteLine("  Aborting");
				   YYABORT;
               }
            }
          | Exit Endl
            {
               Console.WriteLine("  OK, exited");
               YYACCEPT;
            }
		  | Exit Eof
            {
               Console.WriteLine("  OK, exited");
               YYACCEPT;
            }
          | error Endl
            {
               Console.Write("  syntax error\n ");
			   Console.Write("  Aborting\n ");
			   ++Compiler.errors;
               YYABORT;
            }
		  | error Eof
            {
               Console.Write("  syntax error\n> ");
			   ++Compiler.errors;
               yyerrok();
               YYACCEPT;
            }
          | Eof
            {
               //Console.WriteLine("  unexpected Eof, exited");
               YYACCEPT;
            }
          ;

exp		  : exp { if($1.error == null && $1.val == "false"){ $$ = Compiler.Create("false", 'b'); }} And { if($$.val != null){ yyclearin(); } rel
// Error: Position of unmatched brace
// ----------------------------------
				{ $$ = Compiler.LogicalOp($1,$4,Tokens.And); }
		  | exp { if($1.error == null && $1.val == "true"){ $$ = Compiler.Create("true", 'b'); yyclearin(); }} Or rel
				{ $$ = Compiler.LogicalOp($1,$4,Tokens.Or); }
		  | rel
				{ $$ = $1; }
		  ;

rel		  : art Equal art
				{ $$ = Compiler.RelationalOp($1,$3,Tokens.Equal); }
		  | art Diff art
				{ $$ = Compiler.RelationalOp($1,$3,Tokens.Diff); }
		  | art Gt art
				{ $$ = Compiler.RelationalOp($1,$3,Tokens.Gt); }
		  | art Lt art
				{ $$ = Compiler.RelationalOp($1,$3,Tokens.Lt); }
		  | art Gte art
				{ $$ = Compiler.RelationalOp($1,$3,Tokens.Gte); }
		  | art Lte art
				{ $$ = Compiler.RelationalOp($1,$3,Tokens.Lte); }
		  | art
				{ $$ = $1; }
		  ;

art       : art Plus term
               { $$ = Compiler.AritmeticalOp($1,$3,Tokens.Plus); }
          | art Minus term
               { $$ = Compiler.AritmeticalOp($1,$3,Tokens.Minus); }
          | term
               { $$ = $1; }
          ;

term      : term Multiplies tmpfactor
               { $$ = Compiler.AritmeticalOp($1,$3,Tokens.Multiplies); }
          | term Divides tmpfactor
               { $$ = Compiler.AritmeticalOp($1,$3,Tokens.Divides); }
          | tmpfactor
               { $$ = $1; }
          ;

tmpfactor : factor
			   { $$ = $1; }
		  | Minus factor
			   { $$ = Compiler.UnaryMinusOp($2); }
		  | Negation tmpfactor
			   { $$ = Compiler.NegationOp($2); }
          ;

factor    : OpenPar exp ClosePar
               { $$ = $2; }
		  | Ident OpenPar art ClosePar
			   { $$ = Compiler.Function($1.val, $3); }
          | IntNumber
               { $$ = Compiler.Create($1.val, 'i'); }
		  | RealNumber
               { $$ = Compiler.Create($1.val, 'r'); }
		  | Boolean
               { $$ = Compiler.Create($1.val, 'b'); }
          | Ident
			   { $$ = Compiler.GetVariable($1.val); }
          ;

%%
// Error: Syntax error, unexpected %%, expecting codeEnd, or error
// Error: Premature termination of Code Block
// ---------------------------------------------------------------

int lineno = 1;
//--------^^^^
// Error: This character is invalid in this context
// Error: This character is invalid in this context
// ------------------------------------------------

public Parser(Scanner scanner) : base(scanner) { }//----------^^--------------^^------^^------^^
// Error: This character is invalid in this context
// Error: This character is invalid in this context
// Error: This character is invalid in this context
// Error: This character is invalid in this context
// ------------------------------------------------
// ==========================================================================

